<?xml version="1.0" encoding="UTF-8" ?>
<testsuite tests="5" failures="0" name="biblio.service.TestBibliothequeService" time="1.456" errors="0" skipped="0">
  <properties>
[...]
</properties>
  <testcase classname="biblio.service.TestBibliothequeService" name="retirerLivre" time="0.062"/>
  <testcase classname="biblio.service.TestBibliothequeService" name="empruntTest" time="0.848"/>
  <testcase classname="biblio.service.TestBibliothequeService" name="retirerAdherent" time="0.157"/>
  <testcase classname="biblio.service.TestBibliothequeService" name="ajouterAdherent" time="0.123"/>
  <testcase classname="biblio.service.TestBibliothequeService" name="ajouterLivreTest" time="0.266"/>
</testsuite>